2025-12-27 16:04:24 - full_experiment - [32mINFO[0m - 📝 Experiment logging setup complete in /Users/4d/Documents/GitHub/gfacs/outputs/full_experiment_20251227_160424/logs/full_experiment
2025-12-27 16:04:24 - full_experiment - [33mWARNING[0m - Animations requested but dependencies not available
2025-12-27 16:04:24 - full_experiment - [32mINFO[0m - 🚀 Starting GFACS comprehensive experiment
2025-12-27 16:04:24 - full_experiment - [32mINFO[0m - Problems to run: ['tsp_nls', 'cvrp_nls', 'cvrptw_nls', 'bpp', 'op', 'pctsp', 'smtwtp', 'sop']
2025-12-27 16:04:24 - full_experiment - [32mINFO[0m - 🔄 Starting tsp_nls (size=50)
2025-12-27 16:04:27 - full_experiment - [33mWARNING[0m - Could not load test dataset for tsp_nls: File ../data/tsp/testDataset-50.pt not found, please download the test dataset from the original repository.
2025-12-27 16:04:27 - full_experiment - [32mINFO[0m - ✅ Completed tsp_nls in 3.39s - Best cost: None
2025-12-27 16:04:27 - full_experiment - [32mINFO[0m - 🔄 Starting cvrp_nls (size=50)
2025-12-27 16:04:27 - full_experiment - [33mWARNING[0m - Could not load test dataset for cvrp_nls: File ../data/cvrp/testDataset-50.pt not found, please download the test dataset from the original repository.
2025-12-27 16:04:27 - full_experiment - [32mINFO[0m - ✅ Completed cvrp_nls in 0.00s - Best cost: None
2025-12-27 16:04:27 - full_experiment - [32mINFO[0m - 🔄 Starting cvrptw_nls (size=50)
2025-12-27 16:04:27 - full_experiment - [33mWARNING[0m - Could not load test dataset for cvrptw_nls: File ../data/cvrptw/testDataset-50.pt not found, please download the test dataset from the original repository.
2025-12-27 16:04:27 - full_experiment - [32mINFO[0m - ✅ Completed cvrptw_nls in 0.03s - Best cost: None
2025-12-27 16:04:27 - full_experiment - [32mINFO[0m - 🔄 Starting bpp (size=120)
2025-12-27 16:04:27 - full_experiment - [33mWARNING[0m - Could not load test dataset for bpp: [Errno 2] No such file or directory: '../data/bpp/testDataset-120.pt'
2025-12-27 16:04:27 - full_experiment - [32mINFO[0m - ✅ Completed bpp in 0.00s - Best cost: None
2025-12-27 16:04:27 - full_experiment - [32mINFO[0m - 🔄 Starting op (size=50)
2025-12-27 16:04:27 - full_experiment - [33mWARNING[0m - Could not load test dataset for op: [Errno 2] No such file or directory: '../data/op/valDataset-50.pt'
2025-12-27 16:04:27 - full_experiment - [32mINFO[0m - ✅ Completed op in 0.00s - Best cost: None
2025-12-27 16:04:27 - full_experiment - [32mINFO[0m - 🔄 Starting pctsp (size=50)
2025-12-27 16:04:27 - full_experiment - [33mWARNING[0m - Could not load test dataset for pctsp: [Errno 2] No such file or directory: '../data/pctsp/valDataset-50.pt'
2025-12-27 16:04:27 - full_experiment - [32mINFO[0m - ✅ Completed pctsp in 0.00s - Best cost: None
2025-12-27 16:04:27 - full_experiment - [32mINFO[0m - 🔄 Starting smtwtp (size=50)
2025-12-27 16:04:27 - full_experiment - [33mWARNING[0m - Could not load test dataset for smtwtp: [Errno 2] No such file or directory: '../data/smtwtp/valDataset-50.pkl'
2025-12-27 16:04:27 - full_experiment - [32mINFO[0m - ✅ Completed smtwtp in 0.00s - Best cost: None
2025-12-27 16:04:27 - full_experiment - [32mINFO[0m - 🔄 Starting sop (size=50)
2025-12-27 16:04:27 - full_experiment - [33mWARNING[0m - Could not load test dataset for sop: [Errno 2] No such file or directory: '../data/sop/valDataset-50.pkl'
2025-12-27 16:04:27 - full_experiment - [32mINFO[0m - ✅ Completed sop in 0.00s - Best cost: None
2025-12-27 16:04:27 - full_experiment - [32mINFO[0m - 📊 Generating comprehensive visualizations...
2025-12-27 16:04:28 - full_experiment - [32mINFO[0m - ✅ Runtime comparison plot generated
2025-12-27 16:04:28 - full_experiment - [32mINFO[0m - ✅ Experiment report generated
2025-12-27 16:04:28 - full_experiment - [33mWARNING[0m - Failed to generate summary statistics: Missing optional dependency 'tabulate'.  Use pip or conda to install tabulate.
2025-12-27 16:04:28 - full_experiment - [33mWARNING[0m - Skipping animations - dependencies not available
2025-12-27 16:04:28 - full_experiment - [32mINFO[0m - ✅ Experiment completed in 4.00s
2025-12-27 16:04:28 - full_experiment - [32mINFO[0m - 📁 Results saved to: /Users/4d/Documents/GitHub/gfacs/outputs/full_experiment_20251227_160424
